TN:
SF:script/deploy-reflex-router/DeployReflexRouter.s.sol
DA:40,0
FN:40,DeployReflexRouter.setUp
FNDA:0,DeployReflexRouter.setUp
DA:42,0
BRDA:42,0,0,-
DA:43,0
DA:44,0
DA:45,0
BRDA:45,0,1,-
DA:46,0
DA:49,0
BRDA:49,1,0,-
DA:50,0
DA:51,0
DA:52,0
BRDA:52,1,1,-
DA:53,0
DA:54,0
DA:58,0
FN:58,DeployReflexRouter.run
FNDA:0,DeployReflexRouter.run
DA:60,0
DA:62,0
DA:63,0
DA:64,0
DA:65,0
DA:68,0
DA:69,0
DA:70,0
BRDA:70,2,0,-
DA:71,0
DA:75,0
DA:78,0
DA:79,0
DA:81,0
DA:82,0
DA:85,0
BRDA:85,3,0,-
DA:86,0
DA:87,0
DA:89,0
DA:91,0
DA:92,0
DA:95,0
DA:98,0
DA:101,0
DA:102,0
DA:103,0
DA:105,0
BRDA:105,4,0,-
BRDA:105,4,1,-
DA:106,0
DA:108,0
DA:112,0
BRDA:112,5,0,-
DA:113,0
DA:114,0
DA:115,0
DA:116,0
DA:117,0
DA:118,0
DA:122,0
DA:123,0
DA:125,0
BRDA:125,6,0,-
DA:126,0
DA:129,0
DA:130,0
DA:131,0
DA:134,0
DA:141,0
FN:141,DeployReflexRouter._saveDeploymentInfo
FNDA:0,DeployReflexRouter._saveDeploymentInfo
DA:142,0
DA:166,0
DA:170,0
DA:172,0
DA:179,0
FN:179,DeployReflexRouter.verifyDeployment
FNDA:0,DeployReflexRouter.verifyDeployment
DA:180,0
BRDA:180,7,0,-
BRDA:180,7,1,-
DA:181,0
BRDA:181,8,0,-
BRDA:181,8,1,-
DA:183,0
DA:184,0
DA:185,0
DA:187,0
BRDA:187,9,0,-
DA:188,0
FNF:4
FNH:0
LF:69
LH:0
BRF:15
BRH:0
end_of_record
TN:
SF:script/deploy-v1-factory/DeployBasePluginV1Factory.s.sol
DA:43,0
FN:43,DeployBasePluginV1Factory.setUp
FNDA:0,DeployBasePluginV1Factory.setUp
DA:45,0
DA:46,0
DA:49,0
BRDA:49,0,0,-
DA:50,0
DA:51,0
BRDA:51,0,1,-
DA:52,0
DA:56,0
BRDA:56,1,0,-
DA:57,0
DA:58,0
BRDA:58,2,0,-
DA:59,0
DA:61,0
BRDA:61,1,1,-
DA:62,0
DA:66,0
DA:69,0
FN:69,DeployBasePluginV1Factory.run
FNDA:0,DeployBasePluginV1Factory.run
DA:70,0
DA:71,0
DA:72,0
DA:73,0
DA:76,0
DA:78,0
DA:81,0
DA:84,0
DA:86,0
DA:89,0
DA:92,0
DA:95,0
DA:97,0
DA:100,0
FN:100,DeployBasePluginV1Factory._loadCustomFeeConfig
FNDA:0,DeployBasePluginV1Factory._loadCustomFeeConfig
DA:101,0
DA:111,0
DA:112,0
DA:113,0
DA:114,0
DA:115,0
DA:116,0
DA:117,0
DA:118,0
DA:121,0
FN:121,DeployBasePluginV1Factory._validateParameters
FNDA:0,DeployBasePluginV1Factory._validateParameters
DA:122,0
BRDA:122,3,0,-
BRDA:122,3,1,-
DA:123,0
BRDA:123,4,0,-
BRDA:123,4,1,-
DA:126,0
BRDA:126,5,0,-
DA:127,0
BRDA:127,6,0,-
BRDA:127,6,1,-
DA:128,0
BRDA:128,7,0,-
BRDA:128,7,1,-
DA:129,0
BRDA:129,8,0,-
BRDA:129,8,1,-
DA:130,0
BRDA:130,9,0,-
BRDA:130,9,1,-
DA:131,0
BRDA:131,10,0,-
BRDA:131,10,1,-
DA:132,0
BRDA:132,11,0,-
BRDA:132,11,1,-
DA:133,0
BRDA:133,12,0,-
BRDA:133,12,1,-
DA:138,0
DA:141,0
FN:141,DeployBasePluginV1Factory._logParameters
FNDA:0,DeployBasePluginV1Factory._logParameters
DA:142,0
DA:143,0
DA:144,0
DA:146,0
BRDA:146,13,0,-
BRDA:146,13,1,-
DA:147,0
DA:149,0
DA:152,0
BRDA:152,14,0,-
BRDA:152,14,1,-
DA:153,0
DA:155,0
DA:159,0
DA:162,0
FN:162,DeployBasePluginV1Factory._configureFactory
FNDA:0,DeployBasePluginV1Factory._configureFactory
DA:163,0
DA:166,0
BRDA:166,15,0,-
DA:167,0
DA:168,0
DA:172,0
BRDA:172,16,0,-
DA:173,0
DA:174,0
DA:177,0
DA:178,0
DA:181,0
FN:181,DeployBasePluginV1Factory._logDeploymentResults
FNDA:0,DeployBasePluginV1Factory._logDeploymentResults
DA:182,0
DA:183,0
DA:184,0
DA:185,0
DA:186,0
DA:188,0
BRDA:188,17,0,-
BRDA:188,17,1,-
DA:189,0
DA:191,0
DA:195,0
DA:196,0
DA:197,0
DA:198,0
DA:199,0
DA:200,0
DA:201,0
DA:202,0
DA:203,0
DA:204,0
DA:206,0
DA:209,0
DA:210,0
DA:211,0
DA:214,0
FN:214,DeployBasePluginV1Factory._verifyContract
FNDA:0,DeployBasePluginV1Factory._verifyContract
DA:215,0
DA:218,0
BRDA:218,18,0,-
DA:219,0
DA:220,0
BRDA:220,18,1,-
DA:222,0
DA:223,0
DA:226,0
BRDA:226,19,0,-
DA:227,0
DA:228,0
DA:231,0
DA:234,0
DA:235,0
DA:236,0
DA:237,0
DA:238,0
DA:239,0
DA:240,0
DA:241,0
DA:242,0
DA:244,0
BRDA:244,20,0,-
DA:245,0
DA:246,0
BRDA:246,20,1,-
DA:247,0
DA:248,0
DA:249,0
DA:250,0
DA:251,0
DA:256,0
FN:256,DeployBasePluginV1Factory.getDeployedAddress
FNDA:0,DeployBasePluginV1Factory.getDeployedAddress
DA:257,0
DA:261,0
FN:261,DeployBasePluginV1Factory.validateDeployment
FNDA:0,DeployBasePluginV1Factory.validateDeployment
DA:262,0
DA:263,0
DA:264,0
DA:267,0
BRDA:267,24,0,-
DA:268,0
DA:272,0
DA:273,0
DA:275,0
DA:279,0
FN:279,DeployBasePluginV1Factory.createTestPlugin
FNDA:0,DeployBasePluginV1Factory.createTestPlugin
DA:280,0
BRDA:280,27,0,-
BRDA:280,27,1,-
DA:281,0
FNF:11
FNH:0
LF:136
LH:0
BRF:40
BRH:0
end_of_record
TN:
SF:script/deploy-v3-plugin/DeployAlgebraBasePluginV3.s.sol
DA:46,0
FN:46,DeployAlgebraBasePluginV3.setUp
FNDA:0,DeployAlgebraBasePluginV3.setUp
DA:48,0
DA:49,0
DA:50,0
DA:51,0
DA:52,0
DA:55,0
DA:58,0
FN:58,DeployAlgebraBasePluginV3.run
FNDA:0,DeployAlgebraBasePluginV3.run
DA:59,0
DA:60,0
DA:61,0
DA:62,0
DA:65,0
DA:67,0
DA:70,0
DA:74,0
DA:76,0
DA:79,0
DA:82,0
DA:87,0
DA:89,0
DA:92,0
FN:92,DeployAlgebraBasePluginV3._validateParameters
FNDA:0,DeployAlgebraBasePluginV3._validateParameters
DA:93,0
BRDA:93,0,0,-
BRDA:93,0,1,-
DA:94,0
BRDA:94,1,0,-
BRDA:94,1,1,-
DA:95,0
BRDA:95,2,0,-
BRDA:95,2,1,-
DA:96,0
BRDA:96,3,0,-
BRDA:96,3,1,-
DA:97,0
BRDA:97,4,0,-
BRDA:97,4,1,-
DA:99,0
DA:102,0
FN:102,DeployAlgebraBasePluginV3._logParameters
FNDA:0,DeployAlgebraBasePluginV3._logParameters
DA:103,0
DA:104,0
DA:105,0
DA:106,0
DA:107,0
DA:108,0
DA:109,0
DA:112,0
FN:112,DeployAlgebraBasePluginV3._logDeploymentResults
FNDA:0,DeployAlgebraBasePluginV3._logDeploymentResults
DA:113,0
DA:114,0
DA:115,0
DA:116,0
DA:117,0
DA:120,0
BRDA:120,5,0,-
DA:121,0
BRDA:121,6,0,-
BRDA:121,6,1,-
DA:122,0
DA:124,0
DA:126,0
BRDA:126,5,1,-
DA:127,0
DA:130,0
DA:133,0
DA:134,0
DA:135,0
DA:138,0
FN:138,DeployAlgebraBasePluginV3._initializePlugin
FNDA:0,DeployAlgebraBasePluginV3._initializePlugin
DA:139,0
DA:142,0
BRDA:142,7,0,-
DA:143,0
DA:144,0
BRDA:144,7,1,-
DA:146,0
DA:147,0
DA:150,0
BRDA:150,8,0,-
DA:151,0
DA:152,0
DA:155,0
DA:157,0
BRDA:157,9,0,-
DA:158,0
DA:159,0
BRDA:159,9,1,-
DA:160,0
DA:161,0
BRDA:161,9,2,-
DA:162,0
DA:165,0
DA:168,0
FN:168,DeployAlgebraBasePluginV3._verifyContract
FNDA:0,DeployAlgebraBasePluginV3._verifyContract
DA:169,0
DA:172,0
BRDA:172,10,0,-
DA:173,0
DA:174,0
BRDA:174,10,1,-
DA:176,0
DA:177,0
DA:180,0
BRDA:180,11,0,-
DA:181,0
DA:182,0
DA:185,0
DA:188,0
DA:189,0
DA:190,0
DA:191,0
DA:192,0
DA:193,0
DA:194,0
DA:196,0
DA:197,0
DA:198,0
DA:199,0
DA:201,0
BRDA:201,12,0,-
DA:202,0
DA:203,0
BRDA:203,12,1,-
DA:204,0
DA:205,0
DA:206,0
DA:207,0
DA:208,0
DA:216,0
FN:216,DeployAlgebraBasePluginV3.getDeployedAddress
FNDA:0,DeployAlgebraBasePluginV3.getDeployedAddress
DA:217,0
DA:221,0
FN:221,DeployAlgebraBasePluginV3.validateDeployment
FNDA:0,DeployAlgebraBasePluginV3.validateDeployment
DA:222,0
DA:223,0
DA:224,0
DA:227,0
BRDA:227,16,0,-
DA:228,0
BRDA:228,17,0,-
DA:231,0
DA:238,0
FNF:9
FNH:0
LF:110
LH:0
BRF:27
BRH:0
end_of_record
TN:
SF:src/ReflexRouter.sol
DA:56,42
FN:56,ReflexRouter.constructor
FNDA:42,ReflexRouter.constructor
DA:57,42
DA:64,258
FN:64,ReflexRouter.isAdmin
FNDA:258,ReflexRouter.isAdmin
DA:65,258
BRDA:65,0,0,1
BRDA:65,0,1,257
DA:73,3
FN:73,ReflexRouter._onlyFundsAdmin
FNDA:3,ReflexRouter._onlyFundsAdmin
DA:74,3
BRDA:74,1,0,-
BRDA:74,1,1,3
DA:82,43
FN:82,ReflexRouter.setReflexQuoter
FNDA:43,ReflexRouter.setReflexQuoter
DA:83,42
DA:91,2
FN:91,ReflexRouter.getReflexAdmin
FNDA:2,ReflexRouter.getReflexAdmin
DA:92,2
DA:106,528
FN:106,ReflexRouter.triggerBackrun
FNDA:528,ReflexRouter.triggerBackrun
DA:112,528
DA:126,11
FN:126,ReflexRouter._triggerBackrunSafe
FNDA:11,ReflexRouter._triggerBackrunSafe
DA:130,11
BRDA:130,2,0,-
BRDA:130,2,1,11
DA:131,11
DA:145,539
FN:145,ReflexRouter._triggerBackrun
FNDA:539,ReflexRouter._triggerBackrun
DA:149,539
DA:154,539
DA:158,538
BRDA:158,3,0,521
DA:159,521
DA:162,17
DA:163,17
DA:164,17
DA:165,17
DA:168,17
DA:170,17
DA:171,17
DA:184,10
FN:184,ReflexRouter.backrunedExecute
FNDA:10,ReflexRouter.backrunedExecute
DA:195,10
DA:197,10
BRDA:197,4,0,1
BRDA:197,4,1,9
DA:200,9
DA:201,9
DA:204,9
DA:205,11
BRDA:205,5,0,11
DA:212,11
DA:213,11
DA:214,0
BRDA:214,5,1,-
DA:217,0
DA:218,0
DA:230,17
FN:230,ReflexRouter.triggerSwapRoute
FNDA:17,ReflexRouter.triggerSwapRoute
DA:233,17
DA:236,17
DA:239,17
BRDA:239,6,0,17
BRDA:239,6,1,-
DA:240,17
DA:241,17
DA:242,17
DA:243,17
DA:244,0
BRDA:244,7,0,-
DA:246,0
DA:247,0
DA:256,17
FN:256,ReflexRouter.handleLoanCallback
FNDA:17,ReflexRouter.handleLoanCallback
DA:257,17
DA:264,17
DA:265,17
DA:268,17
BRDA:268,8,0,-
DA:269,0
DA:271,17
DA:273,17
DA:286,17
FN:286,ReflexRouter.swapFlow
FNDA:17,ReflexRouter.swapFlow
DA:294,17
DA:295,17
DA:297,17
DA:298,17
DA:300,17
DA:302,17
DA:303,17
DA:304,17
DA:305,17
DA:307,17
DA:312,17
DA:321,17
BRDA:321,9,0,-
BRDA:321,9,1,17
DA:323,0
DA:324,0
DA:326,0
BRDA:326,10,0,-
BRDA:326,10,1,-
DA:327,0
DA:328,0
BRDA:328,11,0,-
DA:329,0
DA:332,17
BRDA:332,12,0,17
DA:333,17
DA:340,17
DA:341,0
DA:342,0
BRDA:342,13,0,-
DA:343,0
DA:344,0
DA:359,17
FN:359,ReflexRouter.swapUniswapV3Pool
FNDA:17,ReflexRouter.swapUniswapV3Pool
DA:363,17
DA:375,17
DA:385,258
FN:385,ReflexRouter.withdrawToken
FNDA:258,ReflexRouter.withdrawToken
DA:386,257
DA:395,258
FN:395,ReflexRouter.withdrawEth
FNDA:258,ReflexRouter.withdrawEth
DA:396,257
DA:404,34
FN:404,ReflexRouter.fallback
FNDA:34,ReflexRouter.fallback
DA:407,34
BRDA:407,14,0,17
BRDA:407,14,1,17
DA:408,17
DA:409,17
BRDA:409,15,0,17
DA:410,17
DA:412,17
BRDA:412,16,0,-
BRDA:412,16,1,17
DA:413,0
DA:414,0
DA:418,0
DA:419,17
BRDA:419,17,0,17
DA:420,17
DA:421,17
DA:422,17
DA:433,17
FN:433,ReflexRouter.decodeUniswapV3LikeCallbackParams
FNDA:17,ReflexRouter.decodeUniswapV3LikeCallbackParams
DA:434,17
DA:444,17
FN:444,ReflexRouter.decodeUniswapV2LikeCallbackParams
FNDA:17,ReflexRouter.decodeUniswapV2LikeCallbackParams
DA:445,17
DA:454,17
FN:454,ReflexRouter.bytesToAddress
FNDA:17,ReflexRouter.bytesToAddress
DA:456,17
DA:474,266
FN:474,ReflexRouter.decodeIsZeroForOne
FNDA:266,ReflexRouter.decodeIsZeroForOne
DA:476,300
FNF:20
FNH:20
LF:112
LH:92
BRF:28
BRH:16
end_of_record
TN:
SF:src/integrations/ConfigurableRevenueDistributor/ConfigurableRevenueDistributor.sol
DA:32,42
FN:32,ConfigurableRevenueDistributor.constructor
FNDA:42,ConfigurableRevenueDistributor.constructor
DA:33,42
DA:36,42
DA:37,42
DA:38,42
DA:39,42
DA:40,42
DA:51,0
FN:51,ConfigurableRevenueDistributor.getConfig
FNDA:0,ConfigurableRevenueDistributor.getConfig
DA:52,0
DA:56,0
FN:56,ConfigurableRevenueDistributor.getRecipients
FNDA:0,ConfigurableRevenueDistributor.getRecipients
DA:62,0
DA:63,0
DA:67,3
FN:67,ConfigurableRevenueDistributor.updateShares
FNDA:3,ConfigurableRevenueDistributor.updateShares
DA:73,3
DA:74,3
DA:75,3
DA:82,0
FN:82,ConfigurableRevenueDistributor.updateDefaultConfig
FNDA:0,ConfigurableRevenueDistributor.updateDefaultConfig
DA:85,0
DA:86,0
DA:96,17
FN:96,ConfigurableRevenueDistributor._splitERC20
FNDA:17,ConfigurableRevenueDistributor._splitERC20
DA:98,17
DA:99,17
BRDA:99,0,0,15
BRDA:99,0,1,15
DA:100,15
DA:102,2
DA:105,17
DA:106,17
DA:109,17
DA:110,18
DA:111,18
DA:112,18
DA:113,18
DA:114,18
DA:118,17
DA:119,17
BRDA:119,1,0,17
DA:121,17
DA:122,17
DA:123,17
DA:126,17
DA:127,17
DA:129,17
BRDA:129,2,0,17
DA:130,17
DA:134,17
DA:140,0
FN:140,ConfigurableRevenueDistributor._splitETH
FNDA:0,ConfigurableRevenueDistributor._splitETH
DA:142,0
DA:143,0
BRDA:143,3,0,-
BRDA:143,3,1,-
DA:144,0
DA:146,0
DA:149,0
DA:150,0
DA:151,0
DA:154,0
DA:155,0
DA:156,0
DA:157,0
DA:158,0
DA:159,0
DA:160,0
BRDA:160,4,0,-
BRDA:160,4,1,-
DA:164,0
DA:165,0
BRDA:165,5,0,-
DA:167,0
DA:168,0
DA:169,0
DA:172,0
DA:173,0
DA:175,0
BRDA:175,6,0,-
DA:176,0
DA:177,0
BRDA:177,7,0,-
BRDA:177,7,1,-
DA:181,0
DA:189,3
FN:189,ConfigurableRevenueDistributor._setShares
FNDA:3,ConfigurableRevenueDistributor._setShares
DA:195,3
BRDA:195,8,0,-
BRDA:195,8,1,3
DA:196,3
BRDA:196,9,0,-
BRDA:196,9,1,3
DA:198,3
DA:201,3
DA:202,4
DA:203,4
DA:204,4
BRDA:204,10,0,-
BRDA:204,10,1,4
DA:205,4
BRDA:205,11,0,-
BRDA:205,11,1,4
DA:206,4
DA:209,3
BRDA:209,12,0,-
BRDA:209,12,1,3
DA:212,3
DA:213,3
DA:214,3
DA:215,3
DA:222,0
FN:222,ConfigurableRevenueDistributor._setDefaultShares
FNDA:0,ConfigurableRevenueDistributor._setDefaultShares
DA:225,0
BRDA:225,13,0,-
BRDA:225,13,1,-
DA:226,0
BRDA:226,14,0,-
BRDA:226,14,1,-
DA:228,0
DA:231,0
DA:232,0
DA:233,0
DA:234,0
BRDA:234,15,0,-
BRDA:234,15,1,-
DA:235,0
BRDA:235,16,0,-
BRDA:235,16,1,-
DA:236,0
DA:239,0
BRDA:239,17,0,-
BRDA:239,17,1,-
DA:242,0
DA:243,0
DA:244,0
FNF:9
FNH:4
LF:97
LH:49
BRF:32
BRH:9
end_of_record
TN:
SF:src/integrations/FundsSplitter/FundsSplitter.sol
DA:37,0
FN:37,FundsSplitter.updateShares
FNDA:0,FundsSplitter.updateShares
DA:38,0
DA:39,0
DA:40,0
DA:44,0
FN:44,FundsSplitter.getRecipients
FNDA:0,FundsSplitter.getRecipients
DA:45,0
DA:46,0
DA:47,0
DA:49,0
DA:58,0
FN:58,FundsSplitter._splitERC20
FNDA:0,FundsSplitter._splitERC20
DA:59,0
DA:60,0
DA:62,0
DA:63,0
DA:64,0
DA:65,0
DA:66,0
DA:67,0
DA:71,0
DA:72,0
BRDA:72,0,0,-
DA:73,0
DA:76,0
DA:81,0
FN:81,FundsSplitter._splitETH
FNDA:0,FundsSplitter._splitETH
DA:82,0
DA:83,0
DA:84,0
DA:86,0
DA:87,0
DA:88,0
DA:89,0
DA:90,0
DA:91,0
DA:92,0
BRDA:92,1,0,-
BRDA:92,1,1,-
DA:96,0
DA:97,0
BRDA:97,2,0,-
DA:98,0
DA:99,0
BRDA:99,3,0,-
BRDA:99,3,1,-
DA:102,0
DA:108,0
FN:108,FundsSplitter._setShares
FNDA:0,FundsSplitter._setShares
DA:109,0
BRDA:109,4,0,-
BRDA:109,4,1,-
DA:111,0
DA:112,0
DA:113,0
DA:116,0
DA:117,0
DA:118,0
DA:119,0
BRDA:119,5,0,-
BRDA:119,5,1,-
DA:120,0
DA:121,0
DA:124,0
BRDA:124,6,0,-
BRDA:124,6,1,-
DA:125,0
FNF:5
FNH:0
LF:51
LH:0
BRF:12
BRH:0
end_of_record
TN:
SF:src/integrations/ReflexAfterSwap.sol
DA:21,0
FN:21,ReflexAfterSwap.constructor
FNDA:0,ReflexAfterSwap.constructor
DA:22,0
BRDA:22,0,0,-
BRDA:22,0,1,-
DA:23,0
DA:24,0
DA:29,0
FN:29,ReflexAfterSwap.onlyReflexAdmin
FNDA:0,ReflexAfterSwap.onlyReflexAdmin
DA:30,0
BRDA:30,1,0,-
BRDA:30,1,1,-
DA:37,0
FN:37,ReflexAfterSwap.setReflexRouter
FNDA:0,ReflexAfterSwap.setReflexRouter
DA:38,0
BRDA:38,2,0,-
BRDA:38,2,1,-
DA:39,0
DA:40,0
DA:41,0
DA:46,0
FN:46,ReflexAfterSwap.getRouter
FNDA:0,ReflexAfterSwap.getRouter
DA:47,0
DA:52,0
FN:52,ReflexAfterSwap.getReflexAdmin
FNDA:0,ReflexAfterSwap.getReflexAdmin
DA:53,0
DA:67,0
FN:67,ReflexAfterSwap.reflexAfterSwap
FNDA:0,ReflexAfterSwap.reflexAfterSwap
DA:74,0
DA:77,0
BRDA:77,3,0,-
DA:80,0
DA:86,0
FNF:6
FNH:0
LF:20
LH:0
BRF:7
BRH:0
end_of_record
TN:
SF:src/integrations/algebra/BasicAlgebraPlugin.sol
DA:16,0
FN:16,AlgebraPlugin.constructor
FNDA:0,AlgebraPlugin.constructor
DA:17,0
DA:18,0
DA:21,0
FN:21,AlgebraPlugin.onlyPool
FNDA:0,AlgebraPlugin.onlyPool
DA:22,0
BRDA:22,0,0,-
BRDA:22,0,1,-
DA:27,0
FN:27,AlgebraPlugin.handlePluginFee
FNDA:0,AlgebraPlugin.handlePluginFee
DA:28,0
DA:31,0
FN:31,AlgebraPlugin.beforeInitialize
FNDA:0,AlgebraPlugin.beforeInitialize
DA:32,0
DA:35,0
FN:35,AlgebraPlugin.afterInitialize
FNDA:0,AlgebraPlugin.afterInitialize
DA:36,0
DA:40,0
FN:40,AlgebraPlugin.beforeModifyPosition
FNDA:0,AlgebraPlugin.beforeModifyPosition
DA:47,0
DA:51,0
FN:51,AlgebraPlugin.afterModifyPosition
FNDA:0,AlgebraPlugin.afterModifyPosition
DA:58,0
DA:61,0
FN:61,AlgebraPlugin.beforeSwap
FNDA:0,AlgebraPlugin.beforeSwap
DA:68,0
DA:71,0
FN:71,AlgebraPlugin.afterSwap
FNDA:0,AlgebraPlugin.afterSwap
DA:81,0
DA:82,0
DA:83,0
DA:87,0
FN:87,AlgebraPlugin.beforeFlash
FNDA:0,AlgebraPlugin.beforeFlash
DA:94,0
DA:98,0
FN:98,AlgebraPlugin.afterFlash
FNDA:0,AlgebraPlugin.afterFlash
DA:105,0
FNF:11
FNH:0
LF:25
LH:0
BRF:2
BRH:0
end_of_record
TN:
SF:src/integrations/algebra/full/AlgebraBasePluginV3.sol
DA:25,0
FN:25,AlgebraBasePluginV3.constructor
FNDA:0,AlgebraBasePluginV3.constructor
DA:30,0
DA:38,0
FN:38,AlgebraBasePluginV3.setReflexEnabled
FNDA:0,AlgebraBasePluginV3.setReflexEnabled
DA:39,0
DA:40,0
DA:45,0
FN:45,AlgebraBasePluginV3.isReflexEnabled
FNDA:0,AlgebraBasePluginV3.isReflexEnabled
DA:46,0
DA:51,0
FN:51,AlgebraBasePluginV3.beforeInitialize
FNDA:0,AlgebraBasePluginV3.beforeInitialize
DA:52,0
DA:53,0
DA:56,0
FN:56,AlgebraBasePluginV3.afterInitialize
FNDA:0,AlgebraBasePluginV3.afterInitialize
DA:57,0
DA:59,0
DA:62,0
FN:62,AlgebraBasePluginV3.initializePlugin
FNDA:0,AlgebraBasePluginV3.initializePlugin
DA:63,0
BRDA:63,0,0,-
DA:64,0
DA:66,0
DA:67,0
DA:68,0
DA:69,0
DA:73,0
FN:73,AlgebraBasePluginV3.beforeModifyPosition
FNDA:0,AlgebraBasePluginV3.beforeModifyPosition
DA:79,0
DA:80,0
DA:84,0
FN:84,AlgebraBasePluginV3.afterModifyPosition
FNDA:0,AlgebraBasePluginV3.afterModifyPosition
DA:90,0
DA:91,0
DA:94,0
FN:94,AlgebraBasePluginV3.beforeSwap
FNDA:0,AlgebraBasePluginV3.beforeSwap
DA:100,0
DA:101,0
DA:102,0
DA:103,0
BRDA:103,1,0,-
DA:104,0
DA:106,0
DA:107,0
DA:110,0
FN:110,AlgebraBasePluginV3.afterSwap
FNDA:0,AlgebraBasePluginV3.afterSwap
DA:120,0
DA:123,0
BRDA:123,2,0,-
DA:124,0
DA:125,0
DA:128,0
DA:132,0
FN:132,AlgebraBasePluginV3.beforeFlash
FNDA:0,AlgebraBasePluginV3.beforeFlash
DA:138,0
DA:139,0
DA:143,0
FN:143,AlgebraBasePluginV3.afterFlash
FNDA:0,AlgebraBasePluginV3.afterFlash
DA:149,0
DA:150,0
FNF:12
FNH:0
LF:46
LH:0
BRF:3
BRH:0
end_of_record
TN:
SF:src/integrations/algebra/full/BasePluginV3Factory.sol
DA:30,0
FN:30,BasePluginV3Factory.onlyAdministrator
FNDA:0,BasePluginV3Factory.onlyAdministrator
DA:31,0
BRDA:31,0,0,-
BRDA:31,0,1,-
DA:38,0
FN:38,BasePluginV3Factory.constructor
FNDA:0,BasePluginV3Factory.constructor
DA:39,0
DA:43,0
FN:43,BasePluginV3Factory.beforeCreatePoolHook
FNDA:0,BasePluginV3Factory.beforeCreatePoolHook
DA:48,0
BRDA:48,1,0,-
BRDA:48,1,1,-
DA:49,0
DA:53,0
FN:53,BasePluginV3Factory.afterCreatePoolHook
FNDA:0,BasePluginV3Factory.afterCreatePoolHook
DA:54,0
BRDA:54,2,0,-
BRDA:54,2,1,-
DA:58,0
FN:58,BasePluginV3Factory.createPluginForExistingPool
FNDA:0,BasePluginV3Factory.createPluginForExistingPool
DA:59,0
DA:60,0
BRDA:60,3,0,-
BRDA:60,3,1,-
DA:62,0
DA:63,0
BRDA:63,4,0,-
BRDA:63,4,1,-
DA:65,0
DA:68,0
FN:68,BasePluginV3Factory._createPlugin
FNDA:0,BasePluginV3Factory._createPlugin
DA:69,0
BRDA:69,5,0,-
BRDA:69,5,1,-
DA:70,0
DA:71,0
DA:72,0
DA:73,0
DA:77,0
FN:77,BasePluginV3Factory.setFarmingAddress
FNDA:0,BasePluginV3Factory.setFarmingAddress
DA:78,0
BRDA:78,6,0,-
BRDA:78,6,1,-
DA:79,0
DA:80,0
DA:84,0
FN:84,BasePluginV3Factory.setDefaultBaseFee
FNDA:0,BasePluginV3Factory.setDefaultBaseFee
DA:85,0
BRDA:85,7,0,-
BRDA:85,7,1,-
DA:86,0
DA:87,0
DA:91,0
FN:91,BasePluginV3Factory.setReflexRouter
FNDA:0,BasePluginV3Factory.setReflexRouter
DA:92,0
FNF:9
FNH:0
LF:31
LH:0
BRF:16
BRH:0
end_of_record
TN:
SF:src/integrations/algebra/v1/AlgebraBasePluginV1.sol
DA:36,0
FN:36,AlgebraBasePluginV1.beforeInitialize
FNDA:0,AlgebraBasePluginV1.beforeInitialize
DA:37,0
DA:38,0
DA:41,0
FN:41,AlgebraBasePluginV1.afterInitialize
FNDA:0,AlgebraBasePluginV1.afterInitialize
DA:42,0
DA:43,0
DA:47,0
FN:47,AlgebraBasePluginV1.beforeModifyPosition
FNDA:0,AlgebraBasePluginV1.beforeModifyPosition
DA:53,0
DA:54,0
DA:58,0
FN:58,AlgebraBasePluginV1.afterModifyPosition
FNDA:0,AlgebraBasePluginV1.afterModifyPosition
DA:64,0
DA:65,0
DA:68,0
FN:68,AlgebraBasePluginV1.beforeSwap
FNDA:0,AlgebraBasePluginV1.beforeSwap
DA:74,0
DA:75,0
DA:76,0
DA:78,0
BRDA:78,0,0,-
DA:79,0
DA:81,0
DA:85,0
FN:85,AlgebraBasePluginV1.afterSwap
FNDA:0,AlgebraBasePluginV1.afterSwap
DA:95,0
BRDA:95,1,0,-
DA:97,0
DA:101,0
BRDA:101,2,0,-
DA:102,0
DA:103,0
DA:106,0
DA:110,0
FN:110,AlgebraBasePluginV1.beforeFlash
FNDA:0,AlgebraBasePluginV1.beforeFlash
DA:116,0
DA:117,0
DA:121,0
FN:121,AlgebraBasePluginV1.afterFlash
FNDA:0,AlgebraBasePluginV1.afterFlash
DA:127,0
DA:128,0
DA:131,0
FN:131,AlgebraBasePluginV1.getCurrentFee
FNDA:0,AlgebraBasePluginV1.getCurrentFee
DA:132,0
DA:133,0
DA:138,0
FN:138,AlgebraBasePluginV1.setReflexEnabled
FNDA:0,AlgebraBasePluginV1.setReflexEnabled
DA:139,0
DA:140,0
FNF:10
FNH:0
LF:38
LH:0
BRF:3
BRH:0
end_of_record
TN:
SF:src/integrations/algebra/v1/BasePluginV1Factory.sol
DA:32,0
FN:32,BasePluginV1Factory.onlyAdministrator
FNDA:0,BasePluginV1Factory.onlyAdministrator
DA:33,0
BRDA:33,0,0,-
BRDA:33,0,1,-
DA:40,0
FN:40,BasePluginV1Factory.constructor
FNDA:0,BasePluginV1Factory.constructor
DA:41,0
DA:42,0
DA:45,0
DA:57,0
FN:57,BasePluginV1Factory.beforeCreatePoolHook
FNDA:0,BasePluginV1Factory.beforeCreatePoolHook
DA:62,0
BRDA:62,1,0,-
BRDA:62,1,1,-
DA:63,0
DA:67,0
FN:67,BasePluginV1Factory.afterCreatePoolHook
FNDA:0,BasePluginV1Factory.afterCreatePoolHook
DA:68,0
BRDA:68,2,0,-
BRDA:68,2,1,-
DA:72,0
FN:72,BasePluginV1Factory.createPluginForExistingPool
FNDA:0,BasePluginV1Factory.createPluginForExistingPool
DA:73,0
DA:74,0
BRDA:74,3,0,-
BRDA:74,3,1,-
DA:76,0
DA:77,0
BRDA:77,4,0,-
BRDA:77,4,1,-
DA:79,0
DA:82,0
FN:82,BasePluginV1Factory._createPlugin
FNDA:0,BasePluginV1Factory._createPlugin
DA:83,0
BRDA:83,5,0,-
BRDA:83,5,1,-
DA:84,0
DA:85,0
DA:86,0
DA:87,0
DA:91,0
FN:91,BasePluginV1Factory.setFarmingAddress
FNDA:0,BasePluginV1Factory.setFarmingAddress
DA:92,0
BRDA:92,6,0,-
BRDA:92,6,1,-
DA:93,0
DA:94,0
DA:98,0
FN:98,BasePluginV1Factory.setDefaultFeeConfiguration
FNDA:0,BasePluginV1Factory.setDefaultFeeConfiguration
DA:104,0
BRDA:104,7,0,-
BRDA:104,7,1,-
DA:105,0
BRDA:105,8,0,-
BRDA:105,8,1,-
DA:110,0
DA:111,0
DA:115,0
FN:115,BasePluginV1Factory.defaultFeeConfiguration
FNDA:0,BasePluginV1Factory.defaultFeeConfiguration
DA:121,0
DA:122,0
DA:127,0
FN:127,BasePluginV1Factory.getDefaultFeeConfigurationStruct
FNDA:0,BasePluginV1Factory.getDefaultFeeConfigurationStruct
DA:128,0
DA:133,0
FN:133,BasePluginV1Factory.setReflexRouter
FNDA:0,BasePluginV1Factory.setReflexRouter
DA:134,0
FNF:11
FNH:0
LF:39
LH:0
BRF:18
BRH:0
end_of_record
TN:
SF:src/libraries/DexTypes.sol
DA:32,34
FN:32,DexTypes.isUniswapV2Like
FNDA:34,DexTypes.isUniswapV2Like
DA:33,34
DA:42,17
FN:42,DexTypes.isUniswapV3Like
FNDA:17,DexTypes.isUniswapV3Like
DA:43,17
DA:52,17
FN:52,DexTypes.isUniswapV2WithCallback
FNDA:17,DexTypes.isUniswapV2WithCallback
DA:53,17
DA:62,0
FN:62,DexTypes.isUniswapV2WithoutCallback
FNDA:0,DexTypes.isUniswapV2WithoutCallback
DA:63,0
DA:72,0
FN:72,DexTypes.getDexTypeName
FNDA:0,DexTypes.getDexTypeName
DA:73,0
BRDA:73,0,0,-
BRDA:73,0,1,-
DA:74,0
DA:75,0
BRDA:75,1,0,-
BRDA:75,1,1,-
DA:76,0
DA:77,0
BRDA:77,2,0,-
BRDA:77,2,1,-
DA:78,0
DA:79,0
BRDA:79,3,0,-
BRDA:79,3,1,-
DA:80,0
DA:81,0
BRDA:81,4,0,-
BRDA:81,4,1,-
DA:82,0
DA:84,0
FNF:5
FNH:3
LF:20
LH:6
BRF:10
BRH:0
end_of_record
TN:
SF:src/utils/GracefulReentrancyGuard.sol
DA:21,42
FN:21,GracefulReentrancyGuard.constructor
FNDA:42,GracefulReentrancyGuard.constructor
DA:22,42
DA:30,528
FN:30,GracefulReentrancyGuard.gracefulNonReentrant
FNDA:528,GracefulReentrancyGuard.gracefulNonReentrant
DA:32,528
BRDA:32,0,0,528
DA:34,528
DA:38,528
DA:44,527
DA:51,0
FN:51,GracefulReentrancyGuard._isReentrant
FNDA:0,GracefulReentrancyGuard._isReentrant
DA:52,0
DA:60,0
FN:60,GracefulReentrancyGuard._getReentrancyStatus
FNDA:0,GracefulReentrancyGuard._getReentrancyStatus
DA:61,0
FNF:4
FNH:2
LF:11
LH:7
BRF:1
BRH:1
end_of_record
TN:
SF:test/ReflexRouter/ReflexRouter.test.s.sol
DA:31,10
FN:31,MockTargetContract.setData
FNDA:10,MockTargetContract.setData
DA:32,10
DA:33,10
DA:34,10
DA:35,10
DA:37,10
DA:39,1
BRDA:39,0,0,1
DA:40,1
DA:43,9
DA:46,1
FN:46,MockTargetContract.setShouldRevert
FNDA:1,MockTargetContract.setShouldRevert
DA:47,1
DA:48,1
DA:51,0
FN:51,MockTargetContract.getData
FNDA:0,MockTargetContract.getData
DA:52,0
DA:55,0
FN:55,MockTargetContract.receive
FNDA:0,MockTargetContract.receive
DA:56,0
FNF:4
FNH:2
LF:16
LH:12
BRF:1
BRH:1
end_of_record
TN:
SF:test/ReflexRouter/ReflexRouterInternal.test.s.sol
DA:13,0
FN:13,TestableReflexRouter.exposedTriggerSwapRoute
FNDA:0,TestableReflexRouter.exposedTriggerSwapRoute
DA:18,0
DA:21,0
FN:21,TestableReflexRouter.exposedHandleLoanCallback
FNDA:0,TestableReflexRouter.exposedHandleLoanCallback
DA:22,0
DA:25,0
FN:25,TestableReflexRouter.exposedSwapFlow
FNDA:0,TestableReflexRouter.exposedSwapFlow
DA:33,0
DA:36,0
FN:36,TestableReflexRouter.exposedSwapUniswapV3Pool
FNDA:0,TestableReflexRouter.exposedSwapUniswapV3Pool
DA:43,0
DA:46,0
FN:46,TestableReflexRouter.exposedDecodeUniswapV3LikeCallbackParams
FNDA:0,TestableReflexRouter.exposedDecodeUniswapV3LikeCallbackParams
DA:51,0
DA:54,0
FN:54,TestableReflexRouter.exposedDecodeUniswapV2LikeCallbackParams
FNDA:0,TestableReflexRouter.exposedDecodeUniswapV2LikeCallbackParams
DA:59,0
DA:62,0
FN:62,TestableReflexRouter.exposedBytesToAddress
FNDA:0,TestableReflexRouter.exposedBytesToAddress
DA:63,0
DA:66,0
FN:66,TestableReflexRouter.getLoanCallbackType
FNDA:0,TestableReflexRouter.getLoanCallbackType
DA:69,0
DA:78,0
FN:78,CallbackTestV2Pool.constructor
FNDA:0,CallbackTestV2Pool.constructor
DA:79,0
DA:80,0
DA:83,0
FN:83,CallbackTestV2Pool.swap
FNDA:0,CallbackTestV2Pool.swap
DA:85,0
BRDA:85,0,0,-
DA:86,0
BRDA:86,1,0,-
DA:90,0
BRDA:90,2,0,-
DA:91,0
DA:92,0
DA:93,0
BRDA:93,3,0,-
BRDA:93,3,1,-
DA:102,0
FN:102,CallbackTestV3Pool.constructor
FNDA:0,CallbackTestV3Pool.constructor
DA:103,0
DA:104,0
DA:107,0
FN:107,CallbackTestV3Pool.swap
FNDA:0,CallbackTestV3Pool.swap
DA:115,0
BRDA:115,0,0,-
BRDA:115,0,1,-
DA:116,0
DA:117,0
DA:118,0
DA:120,0
DA:121,0
DA:122,0
DA:127,0
BRDA:127,1,0,-
DA:128,0
DA:129,0
DA:130,0
BRDA:130,2,0,-
BRDA:130,2,1,-
FNF:12
FNH:0
LF:41
LH:0
BRF:10
BRH:0
end_of_record
TN:
SF:test/ReflexRouter/ReflexRouterSecurity.test.s.sol
DA:17,0
FN:17,MaliciousReentrancyContract.constructor
FNDA:0,MaliciousReentrancyContract.constructor
DA:18,0
DA:21,0
FN:21,MaliciousReentrancyContract.setShouldReenter
FNDA:0,MaliciousReentrancyContract.setShouldReenter
DA:22,0
DA:25,0
FN:25,MaliciousReentrancyContract.attack
FNDA:0,MaliciousReentrancyContract.attack
DA:26,0
DA:30,0
FN:30,MaliciousReentrancyContract.transfer
FNDA:0,MaliciousReentrancyContract.transfer
DA:31,0
DA:32,0
BRDA:32,0,0,-
DA:34,0
DA:36,0
DA:46,0
FN:46,FailingTokenContract.setShouldFail
FNDA:0,FailingTokenContract.setShouldFail
DA:47,0
DA:50,0
FN:50,FailingTokenContract.transfer
FNDA:0,FailingTokenContract.transfer
DA:51,0
BRDA:51,0,0,-
BRDA:51,0,1,-
DA:52,0
DA:55,0
FN:55,FailingTokenContract.balanceOf
FNDA:0,FailingTokenContract.balanceOf
DA:56,0
DA:66,0
FN:66,MaliciousQuoter.setReturnMalformedData
FNDA:0,MaliciousQuoter.setReturnMalformedData
DA:67,0
DA:70,0
FN:70,MaliciousQuoter.setReturnExcessiveArrays
FNDA:0,MaliciousQuoter.setReturnExcessiveArrays
DA:71,0
DA:74,0
FN:74,MaliciousQuoter.setReturnProfit
FNDA:0,MaliciousQuoter.setReturnProfit
DA:75,0
DA:78,0
FN:78,MaliciousQuoter.getQuote
FNDA:0,MaliciousQuoter.getQuote
DA:84,0
BRDA:84,0,0,-
DA:86,0
DA:87,0
DA:88,0
DA:89,0
DA:90,0
DA:91,0
DA:92,0
DA:93,0
DA:94,0
DA:95,0
DA:97,0
DA:105,0
BRDA:105,1,0,-
DA:107,0
DA:108,0
DA:109,0
DA:110,0
DA:112,0
DA:120,0
BRDA:120,2,0,-
DA:122,0
DA:123,0
DA:124,0
DA:125,0
DA:126,0
DA:128,0
DA:137,0
DA:154,0
FN:154,MaliciousPool.swap.0
FNDA:0,MaliciousPool.swap.0
DA:156,0
DA:157,0
BRDA:157,0,0,-
BRDA:157,0,1,-
DA:160,0
FN:160,MaliciousPool.swap.1
FNDA:0,MaliciousPool.swap.1
DA:162,0
DA:163,0
BRDA:163,1,0,-
BRDA:163,1,1,-
DA:164,0
FNF:13
FNH:0
LF:58
LH:0
BRF:10
BRH:0
end_of_record
TN:
SF:test/integrations/ConfigurableRevenueDistributor.test.sol
DA:14,0
FN:14,TestableConfigurableRevenueDistributor.constructor
FNDA:0,TestableConfigurableRevenueDistributor.constructor
DA:15,0
DA:18,0
FN:18,TestableConfigurableRevenueDistributor._onlyFundsAdmin
FNDA:0,TestableConfigurableRevenueDistributor._onlyFundsAdmin
DA:19,0
BRDA:19,0,0,-
BRDA:19,0,1,-
DA:23,0
FN:23,TestableConfigurableRevenueDistributor.splitERC20
FNDA:0,TestableConfigurableRevenueDistributor.splitERC20
DA:24,0
DA:27,0
FN:27,TestableConfigurableRevenueDistributor.splitETH
FNDA:0,TestableConfigurableRevenueDistributor.splitETH
DA:28,0
FNF:4
FNH:0
LF:8
LH:0
BRF:2
BRH:0
end_of_record
TN:
SF:test/integrations/FundsSplitter/FundsSplitter.test.s.sol
DA:12,0
FN:12,TestableSplitter.constructor
FNDA:0,TestableSplitter.constructor
DA:13,0
DA:14,0
DA:17,0
FN:17,TestableSplitter._onlyFundsAdmin
FNDA:0,TestableSplitter._onlyFundsAdmin
DA:18,0
BRDA:18,0,0,-
BRDA:18,0,1,-
DA:22,0
FN:22,TestableSplitter.splitERC20
FNDA:0,TestableSplitter.splitERC20
DA:23,0
DA:26,0
FN:26,TestableSplitter.splitETH
FNDA:0,TestableSplitter.splitETH
DA:27,0
FNF:4
FNH:0
LF:9
LH:0
BRF:2
BRH:0
end_of_record
TN:
SF:test/integrations/ReflexAfterSwap.test.s.sol
DA:31,0
FN:31,MaliciousReentrancyAfterSwap.constructor
FNDA:0,MaliciousReentrancyAfterSwap.constructor
DA:32,0
DA:35,0
FN:35,MaliciousReentrancyAfterSwap.setShouldReenter
FNDA:0,MaliciousReentrancyAfterSwap.setShouldReenter
DA:36,0
DA:39,0
FN:39,MaliciousReentrancyAfterSwap.attack
FNDA:0,MaliciousReentrancyAfterSwap.attack
DA:43,0
DA:44,0
BRDA:44,0,0,-
DA:45,0
DA:46,0
DA:47,0
DA:49,0
FNF:3
FNH:0
LF:11
LH:0
BRF:1
BRH:0
end_of_record
TN:
SF:test/mocks/MockAlgebraFactory.sol
DA:17,0
FN:17,MockAlgebraFactory.constructor
FNDA:0,MockAlgebraFactory.constructor
DA:18,0
DA:21,0
FN:21,MockAlgebraFactory.setPool
FNDA:0,MockAlgebraFactory.setPool
DA:22,0
DA:25,0
FN:25,MockAlgebraFactory.setOwner
FNDA:0,MockAlgebraFactory.setOwner
DA:26,0
DA:29,0
FN:29,MockAlgebraFactory.hasRoleOrOwner
FNDA:0,MockAlgebraFactory.hasRoleOrOwner
DA:30,0
DA:33,0
FN:33,MockAlgebraFactory.grantRole
FNDA:0,MockAlgebraFactory.grantRole
DA:34,0
DA:37,0
FN:37,MockAlgebraFactory.revokeRole
FNDA:0,MockAlgebraFactory.revokeRole
DA:38,0
DA:41,0
FN:41,MockAlgebraFactory.setPoolByPair
FNDA:0,MockAlgebraFactory.setPoolByPair
DA:42,0
DA:43,0
DA:44,0
DA:47,0
FN:47,MockAlgebraFactory.poolByPair
FNDA:0,MockAlgebraFactory.poolByPair
DA:48,0
FNF:8
FNH:0
LF:18
LH:0
BRF:0
BRH:0
end_of_record
TN:
SF:test/mocks/MockAlgebraPool.sol
DA:17,0
FN:17,MockAlgebraPool.constructor
FNDA:0,MockAlgebraPool.constructor
DA:18,0
DA:19,0
DA:20,0
DA:21,0
DA:22,0
DA:25,0
FN:25,MockAlgebraPool.setPlugin
FNDA:0,MockAlgebraPool.setPlugin
DA:26,0
DA:29,0
FN:29,MockAlgebraPool.setPluginConfig
FNDA:0,MockAlgebraPool.setPluginConfig
DA:30,0
DA:33,0
FN:33,MockAlgebraPool.globalState
FNDA:0,MockAlgebraPool.globalState
DA:34,0
DA:37,0
FN:37,MockAlgebraPool.updateTick
FNDA:0,MockAlgebraPool.updateTick
DA:38,0
DA:41,0
FN:41,MockAlgebraPool.updateFee
FNDA:0,MockAlgebraPool.updateFee
DA:42,0
FNF:6
FNH:0
LF:16
LH:0
BRF:0
BRH:0
end_of_record
TN:
SF:test/mocks/MockPool.sol
DA:20,0
FN:20,MockPool.constructor
FNDA:0,MockPool.constructor
DA:21,0
DA:22,0
DA:23,0
DA:26,0
FN:26,MockPool.setPlugin
FNDA:0,MockPool.setPlugin
DA:27,0
DA:30,0
FN:30,MockPool.setFactory
FNDA:0,MockPool.setFactory
DA:31,0
DA:34,0
FN:34,MockPool.globalState
FNDA:0,MockPool.globalState
DA:35,0
DA:38,0
FN:38,MockPool.setGlobalState
FNDA:0,MockPool.setGlobalState
DA:46,0
DA:47,0
DA:48,0
DA:49,0
DA:50,0
DA:51,0
DA:54,0
FN:54,MockPool.setPluginConfig
FNDA:0,MockPool.setPluginConfig
DA:55,0
FNF:6
FNH:0
LF:19
LH:0
BRF:0
BRH:0
end_of_record
TN:
SF:test/mocks/MockReflexRouter.sol
DA:23,0
FN:23,MockReflexRouter.constructor
FNDA:0,MockReflexRouter.constructor
DA:24,0
DA:25,0
BRDA:25,0,0,-
DA:26,0
DA:28,0
DA:31,0
FN:31,MockReflexRouter.getReflexAdmin
FNDA:0,MockReflexRouter.getReflexAdmin
DA:32,0
DA:35,0
FN:35,MockReflexRouter.setMockProfit
FNDA:0,MockReflexRouter.setMockProfit
DA:36,0
DA:39,0
FN:39,MockReflexRouter.setShouldRevert
FNDA:0,MockReflexRouter.setShouldRevert
DA:40,0
DA:43,0
FN:43,MockReflexRouter.setReflexAdmin
FNDA:0,MockReflexRouter.setReflexAdmin
DA:44,0
DA:47,0
FN:47,MockReflexRouter.setProfitToken
FNDA:0,MockReflexRouter.setProfitToken
DA:48,0
DA:50,0
BRDA:50,1,0,-
DA:51,0
DA:55,0
FN:55,MockReflexRouter.triggerBackrun
FNDA:0,MockReflexRouter.triggerBackrun
DA:59,0
BRDA:59,2,0,-
DA:60,0
DA:63,0
DA:73,0
BRDA:73,3,0,-
DA:74,0
DA:77,0
DA:80,0
FN:80,MockReflexRouter.backrunedExecute
FNDA:0,MockReflexRouter.backrunedExecute
DA:90,0
BRDA:90,4,0,-
BRDA:90,4,1,-
DA:91,0
DA:93,0
DA:94,0
DA:98,0
DA:99,0
DA:102,0
DA:103,0
DA:112,0
DA:115,0
FN:115,MockReflexRouter.getTriggerBackrunCallsLength
FNDA:0,MockReflexRouter.getTriggerBackrunCallsLength
DA:116,0
DA:119,0
FN:119,MockReflexRouter.getTriggerBackrunCall
FNDA:0,MockReflexRouter.getTriggerBackrunCall
DA:120,0
DA:123,0
FN:123,MockReflexRouter.clearTriggerBackrunCalls
FNDA:0,MockReflexRouter.clearTriggerBackrunCalls
DA:124,0
FNF:11
FNH:0
LF:40
LH:0
BRF:6
BRH:0
end_of_record
TN:
SF:test/mocks/MockToken.sol
DA:9,123
FN:9,MockToken.constructor
FNDA:123,MockToken.constructor
DA:10,123
DA:16,157
FN:16,MockToken.mint
FNDA:157,MockToken.mint
DA:17,157
DA:23,0
FN:23,MockToken.burn
FNDA:0,MockToken.burn
DA:24,0
DA:30,0
FN:30,MockToken.setBalance
FNDA:0,MockToken.setBalance
DA:31,0
DA:32,0
BRDA:32,0,0,-
BRDA:32,0,1,-
DA:33,0
DA:34,0
BRDA:34,1,0,-
DA:35,0
FNF:4
FNH:2
LF:12
LH:4
BRF:3
BRH:0
end_of_record
TN:
SF:test/mocks/SharedRouterMocks.sol
DA:24,18
FN:24,SharedMockQuoter.setQuote
FNDA:18,SharedMockQuoter.setQuote
DA:33,18
DA:34,18
DA:46,0
FN:46,SharedMockQuoter.addRoute
FNDA:0,SharedMockQuoter.addRoute
DA:58,0
DA:59,0
DA:71,1
FN:71,SharedMockQuoter.setShouldRevert
FNDA:1,SharedMockQuoter.setShouldRevert
DA:72,1
DA:75,539
FN:75,SharedMockQuoter.getQuote
FNDA:539,SharedMockQuoter.getQuote
DA:81,1
BRDA:81,0,0,1
DA:83,538
DA:84,538
DA:86,538
BRDA:86,1,0,520
DA:87,520
DA:101,18
DA:125,42
FN:125,SharedMockV2Pool.constructor
FNDA:42,SharedMockV2Pool.constructor
DA:126,42
DA:127,42
DA:130,0
FN:130,SharedMockV2Pool.setShouldRevert
FNDA:0,SharedMockV2Pool.setShouldRevert
DA:131,0
DA:134,0
FN:134,SharedMockV2Pool.setReserves
FNDA:0,SharedMockV2Pool.setReserves
DA:135,0
DA:136,0
DA:139,17
FN:139,SharedMockV2Pool.swap.0
FNDA:17,SharedMockV2Pool.swap.0
DA:140,0
BRDA:140,0,0,-
DA:141,17
DA:144,17
BRDA:144,1,0,1
DA:145,1
DA:147,17
BRDA:147,2,0,16
DA:148,16
DA:152,17
BRDA:152,3,0,17
DA:153,17
DA:154,17
DA:155,17
DA:156,17
BRDA:156,4,0,-
BRDA:156,4,1,17
DA:160,0
FN:160,SharedMockV2Pool.swap.1
FNDA:0,SharedMockV2Pool.swap.1
DA:161,0
DA:174,41
FN:174,SharedMockV3Pool.constructor
FNDA:41,SharedMockV3Pool.constructor
DA:175,41
DA:176,41
DA:179,0
FN:179,SharedMockV3Pool.setShouldRevert
FNDA:0,SharedMockV3Pool.setShouldRevert
DA:180,0
DA:183,0
FN:183,SharedMockV3Pool.setFee
FNDA:0,SharedMockV3Pool.setFee
DA:184,0
DA:187,0
FN:187,SharedMockV3Pool.setPrice
FNDA:0,SharedMockV3Pool.setPrice
DA:188,0
DA:191,17
FN:191,SharedMockV3Pool.swap
FNDA:17,SharedMockV3Pool.swap
DA:198,0
BRDA:198,0,0,-
DA:199,17
DA:201,17
DA:204,1
BRDA:204,1,0,1
BRDA:204,1,1,16
DA:205,1
DA:206,1
DA:207,1
DA:208,1
DA:210,16
DA:211,16
DA:212,16
DA:213,16
DA:217,17
BRDA:217,2,0,17
DA:218,17
DA:219,17
DA:220,17
DA:221,17
BRDA:221,3,0,-
BRDA:221,3,1,17
DA:228,0
FN:228,RouterTestHelper.calculateRealisticProfit
FNDA:0,RouterTestHelper.calculateRealisticProfit
DA:234,0
DA:235,0
DA:236,0
DA:237,0
DA:240,0
BRDA:240,0,0,-
BRDA:240,0,1,-
DA:241,0
DA:243,0
DA:247,0
FN:247,RouterTestHelper.setupProfitableRoute
FNDA:0,RouterTestHelper.setupProfitableRoute
DA:253,0
DA:254,0
DA:255,0
DA:256,0
DA:258,0
FNF:16
FNH:7
LF:78
LH:46
BRF:16
BRH:10
end_of_record
TN:
SF:test/utils/GracefulReentrancyGuard.test.s.sol
DA:78,0
FN:78,TestGracefulContractWithStatusCheck.checkReentrancyStatus
FNDA:0,TestGracefulContractWithStatusCheck.checkReentrancyStatus
DA:80,0
DA:83,0
BRDA:83,0,0,-
DA:85,0
DA:88,0
FNF:1
FNH:0
LF:5
LH:0
BRF:1
BRH:0
end_of_record
TN:
SF:test/utils/SwapSimulationTest.sol
DA:36,0
FN:36,SwapSimulationTest.fundTrader
FNDA:0,SwapSimulationTest.fundTrader
DA:37,0
DA:38,0
DA:39,0
DA:45,0
FN:45,SwapSimulationTest.simulateSwapV3
FNDA:0,SwapSimulationTest.simulateSwapV3
DA:47,0
DA:48,0
DA:50,0
DA:52,0
DA:53,0
DA:54,0
DA:55,0
DA:57,0
DA:58,0
DA:64,0
FN:64,SwapSimulationTest.simulateSwapV3Out
FNDA:0,SwapSimulationTest.simulateSwapV3Out
DA:68,0
DA:69,0
DA:71,0
DA:73,0
DA:74,0
DA:75,0
DA:76,0
DA:78,0
DA:79,0
DA:85,0
FN:85,SwapSimulationTest.simulateSwapV2
FNDA:0,SwapSimulationTest.simulateSwapV2
DA:88,0
DA:89,0
DA:90,0
DA:92,0
DA:95,0
DA:98,0
DA:99,0
DA:100,0
DA:102,0
DA:104,0
DA:105,0
DA:111,0
FN:111,SwapSimulationTest.fallback
FNDA:0,SwapSimulationTest.fallback
DA:113,0
DA:114,0
DA:115,0
DA:116,0
DA:117,0
DA:118,0
FNF:5
FNH:0
LF:43
LH:0
BRF:0
BRH:0
end_of_record
TN:
SF:test/utils/TestUtils.sol
DA:18,0
FN:18,TestUtils.createMockToken
FNDA:0,TestUtils.createMockToken
DA:22,0
DA:23,0
DA:28,0
FN:28,TestUtils.createStandardMockToken
FNDA:0,TestUtils.createStandardMockToken
DA:29,0
DA:36,0
FN:36,TestUtils.createMockReflexRouter.0
FNDA:0,TestUtils.createMockReflexRouter.0
DA:37,0
DA:40,0
BRDA:40,0,0,-
DA:41,0
DA:42,0
DA:45,0
DA:51,0
FN:51,TestUtils.createMockReflexRouter.1
FNDA:0,TestUtils.createMockReflexRouter.1
DA:52,0
DA:53,0
DA:59,0
FN:59,TestUtils.createSimpleMockReflexRouter
FNDA:0,TestUtils.createSimpleMockReflexRouter
DA:60,0
DA:62,0
DA:63,0
DA:68,0
FN:68,TestUtils.createMockAlgebraFactory
FNDA:0,TestUtils.createMockAlgebraFactory
DA:69,0
DA:70,0
DA:77,0
FN:77,TestUtils.createMockAlgebraPool
FNDA:0,TestUtils.createMockAlgebraPool
DA:78,0
DA:79,0
DA:86,0
FN:86,TestUtils.createMockPool.0
FNDA:0,TestUtils.createMockPool.0
DA:87,0
DA:88,0
DA:96,0
FN:96,TestUtils.createMockPool.1
FNDA:0,TestUtils.createMockPool.1
DA:97,0
DA:98,0
FNF:9
FNH:0
LF:30
LH:0
BRF:1
BRH:0
end_of_record
